[2026-03-29T01:51:29.380Z] [INFO] [WA] Autenticado
[2026-03-29T01:51:29.894Z] [INFO] [WA] Conectado! Número: 133990228971710
[2026-03-29T01:51:37.958Z] [INFO] [WA] QR Code gerado
[2026-03-29T01:52:37.754Z] [INFO] [WA] QR Code gerado
[2026-03-29T01:53:04.417Z] [INFO] [WA] Autenticado
[2026-03-29T01:53:04.437Z] [INFO] [WA] Autenticado
[2026-03-29T01:53:04.440Z] [INFO] [WA] Autenticado
[2026-03-29T01:53:09.685Z] [INFO] [WA] Conectado! Número: 555599964716
[2026-03-29T01:53:09.690Z] [INFO] [WA] Conectado! Número: 555599964716
[2026-03-29T01:53:09.693Z] [INFO] [WA] Conectado! Número: 555599964716
[2026-03-29T02:08:13.103Z] [INFO] [WA] Autenticado
[2026-03-29T02:08:15.014Z] [INFO] [WA] Conectado! Número: 555599964716
[2026-03-29T12:28:47.627Z] [INFO] [WA] Autenticado
[2026-03-29T12:28:49.482Z] [INFO] [WA] Conectado! Número: 555599964716
[2026-03-29T12:46:31.667Z] [INFO] [WA] Autenticado
[2026-03-29T12:46:34.135Z] [INFO] [WA] Conectado! Número: 555599964716
[2026-03-29T12:48:49.767Z] [INFO] [WA] Autenticado
[2026-03-29T12:48:51.979Z] [INFO] [WA] Conectado! Número: 555599964716
[2026-03-29T13:10:31.511Z] [INFO] [WA] Autenticado
[2026-03-29T13:10:33.247Z] [INFO] [WA] Conectado! Número: 555599964716
[2026-03-29T13:20:02.155Z] [INFO] [WA] Autenticado
[2026-03-29T13:20:03.477Z] [INFO] [WA] Conectado! Número: 555599964716
[2026-03-29T13:28:52.354Z] [INFO] [WA] Autenticado
[2026-03-29T13:28:54.417Z] [INFO] [WA] Conectado! Número: 555599964716
[2026-03-29T14:51:15.946Z] [INFO] [WA] Autenticado
[2026-03-29T14:51:17.364Z] [INFO] [WA] Conectado! Número: 555599964716
[2026-03-29T15:30:18.266Z] [INFO] [WA] Autenticado
[2026-03-29T15:30:20.161Z] [INFO] [WA] Conectado! Número: 555599964716
[2026-03-29T17:20:40.273Z] [INFO] [WA] Autenticado
[2026-03-29T17:20:42.743Z] [INFO] [WA] Conectado! Número: 555599964716
[2026-03-29T17:27:19.548Z] [INFO] [WA] Autenticado
[2026-03-29T17:27:21.829Z] [INFO] [WA] Conectado! Número: 555599964716
[2026-03-29T18:26:56.399Z] [INFO] [WA] Autenticado
[2026-03-29T18:26:58.408Z] [INFO] [WA] Conectado! Número: 555599964716
[2026-03-29T18:33:59.267Z] [INFO] [WA] Autenticado
[2026-03-29T18:34:01.949Z] [INFO] [WA] Conectado! Número: 555599964716
[2026-03-29T19:03:05.785Z] [INFO] [WA] Autenticado
[2026-03-29T19:03:07.758Z] [INFO] [WA] Conectado! Número: 555599964716
[2026-03-29T19:07:32.272Z] [INFO] [WA] Autenticado
[2026-03-29T19:07:34.224Z] [INFO] [WA] Conectado! Número: 555599964716
[2026-03-29T19:08:58.105Z] [INFO] [WA] Autenticado
[2026-03-29T19:08:59.672Z] [INFO] [WA] Conectado! Número: 555599964716
[2026-03-29T19:16:32.933Z] [INFO] [WA] Autenticado
[2026-03-29T19:16:34.216Z] [INFO] [WA] Conectado! Número: 555599964716
[2026-03-29T19:19:23.082Z] [INFO] [WA] Autenticado
[2026-03-29T19:19:24.669Z] [INFO] [WA] Conectado! Número: 555599964716
[2026-03-29T19:25:39.098Z] [INFO] [WA] Autenticado
[2026-03-29T19:25:40.909Z] [INFO] [WA] Conectado! Número: 555599964716
[2026-03-29T22:52:49.481Z] [INFO] [WA] Autenticado
[2026-03-29T22:52:51.342Z] [INFO] [WA] Conectado! Número: 555599964716
[2026-03-29T23:40:27.059Z] [INFO] [WA] Autenticado
[2026-03-29T23:40:29.261Z] [INFO] [WA] Conectado! Número: 555599964716
[2026-03-30T00:21:16.709Z] [INFO] [WA] Autenticado
[2026-03-30T00:21:18.740Z] [INFO] [WA] Conectado! Número: 555599964716
[2026-03-30T00:29:34.240Z] [INFO] [WA] Autenticado
[2026-03-30T00:29:48.695Z] [INFO] [WA] Autenticado
[2026-03-30T00:29:51.129Z] [INFO] [WA] Conectado! Número: 555599964716
[2026-04-01T00:48:59.731Z] [INFO] [WA] Autenticado
[2026-04-01T00:50:21.783Z] [INFO] [WA] Autenticado
[2026-04-01T00:50:23.438Z] [INFO] [WA] Conectado! Número: 555599964716
[2026-04-01T01:17:05.689Z] [ERROR] [WA] Erro ao inicializar: Failed to launch the browser process:  Code: 3221226505

stderr:


TROUBLESHOOTING: https://pptr.dev/troubleshooting

[2026-04-01T01:17:05.694Z] [INFO] [WA] Reconectando em 30s (tentativa 1/3)
[2026-04-01T01:17:58.080Z] [INFO] [WA] Autenticado
[2026-04-01T01:17:59.799Z] [INFO] [WA] Conectado! Número: 555599964716
[2026-04-01T01:22:43.128Z] [INFO] [WA] Autenticado
[2026-04-01T01:22:45.113Z] [INFO] [WA] Conectado! Número: 555599964716
[2026-04-01T01:29:04.386Z] [INFO] [WA] Autenticado
[2026-04-01T01:29:08.070Z] [INFO] [WA] Conectado! Número: 555599964716
[2026-04-01T01:44:02.652Z] [INFO] [WA] Autenticado
[2026-04-01T01:44:05.092Z] [INFO] [WA] Conectado! Número: 555599964716
[2026-04-01T01:59:17.956Z] [INFO] [WA] Autenticado
[2026-04-01T01:59:20.314Z] [INFO] [WA] Conectado! Número: 555599964716
[2026-04-01T02:13:42.817Z] [INFO] [WA] Autenticado
[2026-04-01T02:13:44.468Z] [INFO] [WA] Conectado! Número: 555599964716
[2026-04-01T20:57:18.935Z] [INFO] [WA] Autenticado
[2026-04-01T20:57:21.198Z] [INFO] [WA] Conectado! Número: 555599964716
[2026-04-01T21:14:10.474Z] [INFO] [WA] Autenticado
[2026-04-01T21:14:11.687Z] [INFO] [WA] Conectado! Número: 555599964716
[2026-04-01T21:50:46.390Z] [INFO] [WA] QR Code gerado
[2026-04-01T23:44:47.122Z] [INFO] [WA] QR Code gerado
[2026-04-01T23:45:46.599Z] [INFO] [WA] QR Code gerado
[2026-04-01T23:46:06.592Z] [INFO] [WA] QR Code gerado
[2026-04-01T23:46:26.598Z] [INFO] [WA] QR Code gerado
[2026-04-01T23:46:46.610Z] [INFO] [WA] QR Code gerado
[2026-04-01T23:47:12.930Z] [INFO] [WA] Autenticado
[2026-04-01T23:47:12.937Z] [INFO] [WA] Autenticado
[2026-04-01T23:47:12.940Z] [INFO] [WA] Autenticado
[2026-04-01T23:47:18.227Z] [INFO] [WA] Conectado! Número: 555599964716
[2026-04-01T23:52:22.047Z] [INFO] [WA] Autenticado
[2026-04-01T23:52:23.254Z] [INFO] [WA] Conectado! Número: 555599964716
[2026-04-01T23:58:45.020Z] [INFO] [WA] Autenticado
[2026-04-01T23:58:46.892Z] [INFO] [WA] Conectado! Número: 555599964716
[2026-04-02T00:47:10.222Z] [INFO] [EVO] Instância "zapofertas" criada
[2026-04-02T00:55:57.532Z] [INFO] [EVO] QR Code atualizado
[2026-04-02T00:56:41.527Z] [INFO] [EVO] QR Code atualizado
[2026-04-02T00:57:01.894Z] [ERROR] [EVO] Erro ao inicializar: Falha ao verificar instância: Request failed with status code 403
[2026-04-02T00:58:29.678Z] [ERROR] [EVO] Erro ao inicializar: Falha ao verificar instância: Request failed with status code 403
[2026-04-02T00:59:23.381Z] [ERROR] [EVO] Erro ao inicializar: Falha ao verificar instância: Request failed with status code 403
[2026-04-02T01:00:56.373Z] [ERROR] [EVO] Erro ao inicializar: Falha ao verificar instância: Request failed with status code 403
[2026-04-02T01:02:24.114Z] [INFO] [EVO] QR Code obtido — aguardando escaneamento...
[2026-04-02T01:02:28.153Z] [INFO] [EVO] QR Code atualizado
[2026-04-02T01:03:00.220Z] [INFO] [EVO] QR Code atualizado
[2026-04-02T01:03:44.284Z] [INFO] [EVO] QR Code atualizado
[2026-04-02T01:04:32.377Z] [INFO] [EVO] QR Code atualizado
[2026-04-02T01:05:16.475Z] [INFO] [EVO] QR Code atualizado
[2026-04-02T01:06:00.552Z] [INFO] [EVO] QR Code atualizado
[2026-04-02T01:06:32.612Z] [INFO] [EVO] QR Code atualizado
[2026-04-02T01:07:16.701Z] [INFO] [EVO] QR Code atualizado
[2026-04-02T01:08:00.777Z] [INFO] [EVO] QR Code atualizado
[2026-04-02T01:08:48.910Z] [INFO] [EVO] QR Code atualizado
[2026-04-02T01:09:32.990Z] [INFO] [EVO] QR Code atualizado
[2026-04-02T01:10:05.044Z] [INFO] [EVO] QR Code atualizado
[2026-04-02T01:10:28.465Z] [INFO] [EVO] QR Code obtido — aguardando escaneamento...
[2026-04-02T01:10:48.544Z] [INFO] [EVO] QR Code atualizado
[2026-04-02T01:11:32.638Z] [INFO] [EVO] QR Code atualizado
[2026-04-02T01:12:20.791Z] [INFO] [EVO] QR Code atualizado
[2026-04-02T01:13:04.897Z] [INFO] [EVO] QR Code atualizado
[2026-04-02T01:13:37.016Z] [INFO] [EVO] QR Code atualizado
[2026-04-02T01:14:08.947Z] [INFO] [EVO] QR Code obtido — aguardando escaneamento...
[2026-04-02T01:14:21.020Z] [INFO] [EVO] QR Code atualizado
[2026-04-02T01:15:05.085Z] [INFO] [EVO] QR Code atualizado
[2026-04-02T01:15:49.185Z] [INFO] [EVO] QR Code atualizado
[2026-04-02T01:16:37.331Z] [INFO] [EVO] QR Code atualizado
[2026-04-02T01:16:53.759Z] [INFO] [EVO] QR Code obtido — aguardando escaneamento...
[2026-04-02T01:17:20.445Z] [INFO] [EVO] QR Code obtido — aguardando escaneamento...
[2026-04-02T01:18:08.577Z] [INFO] [EVO] QR Code atualizado
[2026-04-02T01:18:52.678Z] [INFO] [EVO] QR Code atualizado
[2026-04-02T01:20:02.885Z] [INFO] [EVO] QR Code atualizado
[2026-04-02T01:21:40.328Z] [INFO] [EVO] QR Code obtido — aguardando escaneamento...
[2026-04-02T01:22:02.462Z] [INFO] [EVO] QR Code atualizado
[2026-04-02T01:29:41.393Z] [INFO] [EVO] QR Code obtido — aguardando escaneamento...
[2026-04-02T01:41:03.251Z] [INFO] [EVO] Conectado! Número: 555599964716
[2026-04-02T02:05:15.696Z] [INFO] [EVO] Conectado! Número: 555599964716
[2026-04-02T15:40:48.388Z] [ERROR] [EVO] Erro ao inicializar: Falha ao verificar instância: 
[2026-04-02T15:48:09.710Z] [ERROR] [EVO] Erro ao inicializar: Falha ao verificar instância: 
[2026-04-03T01:52:23.105Z] [ERROR] [EVO] Erro ao inicializar: Falha ao verificar instância: 
